D:\GAME AND PROGRAMME CODE\PWMS\PWMS\DEBUG\PWMS.EXE
D:\GAME AND PROGRAMME CODE\PWMS\PWMS\DEBUG\PWMS.ILK
D:\GAME AND PROGRAMME CODE\PWMS\PWMS\DEBUG\PWMS.PDB
D:\GAME AND PROGRAMME CODE\PWMS\PWMS\PWMS\DEBUG\ABOUT.OBJ
D:\GAME AND PROGRAMME CODE\PWMS\PWMS\PWMS\DEBUG\ADDPAGE.OBJ
D:\GAME AND PROGRAMME CODE\PWMS\PWMS\PWMS\DEBUG\BROWSEPAGE.OBJ
D:\GAME AND PROGRAMME CODE\PWMS\PWMS\PWMS\Debug\cl.command.1.tlog
D:\GAME AND PROGRAMME CODE\PWMS\PWMS\PWMS\Debug\CL.read.1.tlog
D:\GAME AND PROGRAMME CODE\PWMS\PWMS\PWMS\Debug\CL.write.1.tlog
D:\GAME AND PROGRAMME CODE\PWMS\PWMS\PWMS\DEBUG\DELETEPAGE.OBJ
D:\GAME AND PROGRAMME CODE\PWMS\PWMS\PWMS\DEBUG\HOMEPAGEUI.OBJ
D:\GAME AND PROGRAMME CODE\PWMS\PWMS\PWMS\Debug\link.14540.read.1.tlog
D:\GAME AND PROGRAMME CODE\PWMS\PWMS\PWMS\Debug\link.14540.write.1.tlog
D:\GAME AND PROGRAMME CODE\PWMS\PWMS\PWMS\Debug\link.14540-cvtres.read.1.tlog
D:\GAME AND PROGRAMME CODE\PWMS\PWMS\PWMS\Debug\link.14540-cvtres.write.1.tlog
D:\GAME AND PROGRAMME CODE\PWMS\PWMS\PWMS\Debug\link.command.1.tlog
D:\GAME AND PROGRAMME CODE\PWMS\PWMS\PWMS\Debug\link.read.1.tlog
D:\GAME AND PROGRAMME CODE\PWMS\PWMS\PWMS\Debug\link.write.1.tlog
D:\GAME AND PROGRAMME CODE\PWMS\PWMS\PWMS\Debug\link-cvtres.read.1.tlog
D:\GAME AND PROGRAMME CODE\PWMS\PWMS\PWMS\Debug\link-cvtres.write.1.tlog
D:\GAME AND PROGRAMME CODE\PWMS\PWMS\PWMS\DEBUG\MAINPAGE.OBJ
D:\GAME AND PROGRAMME CODE\PWMS\PWMS\PWMS\DEBUG\MODIFYPAGE.OBJ
D:\GAME AND PROGRAMME CODE\PWMS\PWMS\PWMS\Debug\mt.command.1.tlog
D:\GAME AND PROGRAMME CODE\PWMS\PWMS\PWMS\Debug\mt.read.1.tlog
D:\GAME AND PROGRAMME CODE\PWMS\PWMS\PWMS\Debug\mt.write.1.tlog
D:\GAME AND PROGRAMME CODE\PWMS\PWMS\PWMS\DEBUG\PWMS.EXE.EMBED.MANIFEST
D:\GAME AND PROGRAMME CODE\PWMS\PWMS\PWMS\DEBUG\PWMS.EXE.EMBED.MANIFEST.RES
D:\GAME AND PROGRAMME CODE\PWMS\PWMS\PWMS\DEBUG\PWMS.EXE.INTERMEDIATE.MANIFEST
D:\GAME AND PROGRAMME CODE\PWMS\PWMS\PWMS\Debug\PWMS.write.1.tlog
D:\GAME AND PROGRAMME CODE\PWMS\PWMS\PWMS\Debug\PWMS_manifest.rc
D:\GAME AND PROGRAMME CODE\PWMS\PWMS\PWMS\DEBUG\QUITPAGE.OBJ
D:\GAME AND PROGRAMME CODE\PWMS\PWMS\PWMS\Debug\rc.command.1.tlog
D:\GAME AND PROGRAMME CODE\PWMS\PWMS\PWMS\Debug\rc.read.1.tlog
D:\GAME AND PROGRAMME CODE\PWMS\PWMS\PWMS\Debug\rc.write.1.tlog
D:\GAME AND PROGRAMME CODE\PWMS\PWMS\PWMS\DEBUG\SEEKPAGE.OBJ
D:\GAME AND PROGRAMME CODE\PWMS\PWMS\PWMS\DEBUG\SQLITE3.OBJ
D:\GAME AND PROGRAMME CODE\PWMS\PWMS\PWMS\Debug\vc100.idb
D:\GAME AND PROGRAMME CODE\PWMS\PWMS\PWMS\DEBUG\VC100.PDB
